2022-03-13 02:38:35,091 __main__ 24 [INFO][<module>] start
2022-03-13 02:38:35,092 __main__ 26 [INFO][<module>] start loading
2022-03-13 02:38:39,645 __main__ 28 [INFO][<module>] finish loading
2022-03-13 02:38:39,645 __main__ 29 [INFO][<module>] data shape: (1601312, 304)
2022-03-13 02:38:39,873 __main__ 30 [INFO][<module>] data sample: 
  row_id  time_id  investment_id    target       f_0       f_1       f_2       f_3       f_4  ...     f_291     f_292     f_293     f_294     f_295     f_296     f_297     f_298     f_299
0    0_1        0              1 -0.300875  0.932573  0.113691 -0.402206  0.378386 -0.203938  ... -1.095620  0.200075  0.819155  0.941183 -0.086764 -1.087009 -1.044826 -0.287605  0.321566
1    0_2        0              2 -0.231040  0.810802 -0.514115  0.742368 -0.616673 -0.194255  ...  0.912726 -0.734579  0.819155  0.941183 -0.387617 -1.087009 -0.929529 -0.974060 -0.343624
2    0_6        0              6  0.568807  0.393974  0.615937  0.567806 -0.607963  0.068883  ...  0.912726 -0.551904 -1.220772 -1.060166 -0.219097 -1.087009 -0.612428 -0.113944  0.243608
3    0_7        0              7 -1.064780 -2.343535 -0.011870  1.874606 -0.606346 -0.586827  ...  0.912726 -0.266359 -1.220772  0.941183 -0.609113  0.104928 -0.783423  1.151730 -0.773309
4    0_8        0              8 -0.531940  0.842057 -0.262993  2.330030 -0.583422 -0.618392  ...  0.912726 -0.741355 -1.220772  0.941183 -0.588445  0.104928  0.753279  1.345611 -0.737624

[5 rows x 304 columns]
2022-03-13 02:39:23,462 __main__ 108 [INFO][<module>] build model
2022-03-13 02:39:23,750 __main__ 110 [INFO][<module>] model summery:
Model: "model"
________________________________________________________________________________
 Layer (type)             Output Shape      Param #  Connected to               
================================================================================
 input_1 (InputLayer)     [(None, 1)]       0        []                         
                                                                                
 integer_lookup (IntegerL  (None, 1)        0        ['input_1[0][0]']          
 ookup)                                                                         
                                                                                
 embedding (Embedding)    (None, 1, 32)     5124201  ['integer_lookup[0][0]']   
                                            6                                   
                                                                                
 reshape (Reshape)        (None, 32)        0        ['embedding[0][0]']        
                                                                                
 input_2 (InputLayer)     [(None, 300)]     0        []                         
                                                                                
 dense (Dense)            (None, 64)        2112     ['reshape[0][0]']          
                                                                                
 dense_3 (Dense)          (None, 256)       77056    ['input_2[0][0]']          
                                                                                
 dropout (Dropout)        (None, 64)        0        ['dense[0][0]']            
                                                                                
 dropout_3 (Dropout)      (None, 256)       0        ['dense_3[0][0]']          
                                                                                
 dense_1 (Dense)          (None, 64)        4160     ['dropout[0][0]']          
                                                                                
 dense_4 (Dense)          (None, 256)       65792    ['dropout_3[0][0]']        
                                                                                
 dropout_1 (Dropout)      (None, 64)        0        ['dense_1[0][0]']          
                                                                                
 dropout_4 (Dropout)      (None, 256)       0        ['dense_4[0][0]']          
                                                                                
 dense_2 (Dense)          (None, 64)        4160     ['dropout_1[0][0]']        
                                                                                
 dense_5 (Dense)          (None, 256)       65792    ['dropout_4[0][0]']        
                                                                                
 dropout_2 (Dropout)      (None, 64)        0        ['dense_2[0][0]']          
                                                                                
 dropout_5 (Dropout)      (None, 256)       0        ['dense_5[0][0]']          
                                                                                
 concatenate (Concatenate  (None, 320)      0        ['dropout_2[0][0]',        
 )                                                    'dropout_5[0][0]']        
                                                                                
 dense_6 (Dense)          (None, 512)       164352   ['concatenate[0][0]']      
                                                                                
 dropout_6 (Dropout)      (None, 512)       0        ['dense_6[0][0]']          
                                                                                
 dense_7 (Dense)          (None, 128)       65664    ['dropout_6[0][0]']        
                                                                                
 dropout_7 (Dropout)      (None, 128)       0        ['dense_7[0][0]']          
                                                                                
 dense_8 (Dense)          (None, 32)        4128     ['dropout_7[0][0]']        
                                                                                
 dropout_8 (Dropout)      (None, 32)        0        ['dense_8[0][0]']          
                                                                                
 dense_9 (Dense)          (None, 1)         33       ['dropout_8[0][0]']        
                                                                                
================================================================================
Total params: 51,695,265
Trainable params: 51,695,265
Non-trainable params: 0
________________________________________________________________________________
