2022-03-08 15:02:07,063 __main__ 30 [INFO][<module>] start 
2022-03-08 15:02:07,063 __main__ 47 [INFO][<module>] start loading 
/home/takeru.abe/anaconda3/lib/python3.9/site-packages/numpy/lib/arraysetops.py:583: FutureWarning: elementwise comparison failed; returning scalar instead, but in the future will perform elementwise comparison
  mask |= (ar1 == a)
2022-03-08 15:04:16,904 __main__ 49 [INFO][<module>] train data loaded: (1601312, 302) 
/home/takeru.abe/anaconda3/lib/python3.9/site-packages/sklearn/model_selection/_split.py:666: UserWarning: The least populated class in y has only 1 members, which is less than n_splits=10.
  warnings.warn(("The least populated class in y has only %d"
2022-03-08 15:04:19,752 __main__ 59 [INFO][<module>] fold: 0 
2022-03-08 15:04:21,242 __main__ 63 [INFO][<module>] params: {'objective': 'regression', 'n_estimators': 1000, 'random_state': 42, 'learning_rate': 0.1, 'num_leaves': 128, 'subsample': 0.7005159699224954, 'subsample_freq': 1, 'n_jobs': -1, 'min_child_samples': 1000, 'metric': 'rmse'} 
2022-03-08 15:04:21,242 __main__ 66 [INFO][<module>] training start 
2022-03-08 15:39:43,971 __main__ 74 [INFO][<module>] training finished 
Training until validation scores don't improve for 50 rounds
[100]	valid_0's rmse: 0.890748
[200]	valid_0's rmse: 0.88314
[300]	valid_0's rmse: 0.879998
[400]	valid_0's rmse: 0.877886
[500]	valid_0's rmse: 0.87629
[600]	valid_0's rmse: 0.874977
[700]	valid_0's rmse: 0.874124
[800]	valid_0's rmse: 0.873377
[900]	valid_0's rmse: 0.872754
[1000]	valid_0's rmse: 0.87222
Did not meet early stopping. Best iteration is:
[997]	valid_0's rmse: 0.872218
Traceback (most recent call last):
  File "/home/takeru.abe/ubiquant/models/lgbm.py", line 87, in <module>
    logger.debug('fold: {}, rmse: {:.6f}, elapsed time: {:.2f}sec'.format(fold,rmse,elapsed))
NameError: name 'elapsed' is not defined
